[21:23:24] [Client thread/INFO]: Setting user: ThatKingGuy
[21:23:24] [Client thread/INFO]: (Session ID is token:eyJraWQiOiJhYzg0YSIsImFsZyI6IkhTMjU2In0.eyJ4dWlkIjoiMjUzNTQxMzM3Nzk0ODQwNCIsImFnZyI6IkFkdWx0Iiwic3ViIjoiNTcyNzMyYmItMjdjNC00ZTM2LThkZDctODg4NzUzMGNiNWExIiwiYXV0aCI6IlhCT1giLCJucyI6ImRlZmF1bHQiLCJyb2xlcyI6W10sImlzcyI6ImF1dGhlbnRpY2F0aW9uIiwicGxhdGZvcm0iOiJVTktOT1dOIiwieXVpZCI6IjIxYjFlOTliYTlhNDU5ZGE4M2VhZjNmM2UyYmI1MzY5IiwibmJmIjoxNjc3MTEzMzM4LCJleHAiOjE2NzcxOTk3MzgsImlhdCI6MTY3NzExMzMzOH0.nIJmBT6S2eHbQZqOunBuogYNnK-tQ7iq8Hoa5qwISSo:640ba6a6fb334ca3b9ffde46d5bebde0)
[21:23:25] [Client thread/INFO]: [OptiFine] *** Reflector Forge ***
[21:23:25] [Client thread/INFO]: [OptiFine] (Reflector) Class not present: mods.betterfoliage.client.BetterFoliageClient
[21:23:25] [Client thread/INFO]: [OptiFine] (Reflector) Class not present: net.minecraftforge.fml.common.asm.transformers.BlamingTransformer
[21:23:25] [Client thread/INFO]: [OptiFine] (Reflector) Class not present: net.minecraftforge.event.world.ChunkWatchEvent$UnWatch
[21:23:25] [Client thread/INFO]: [OptiFine] (Reflector) Class not present: net.minecraftforge.fml.relauncher.CoreModManager
[21:23:25] [Client thread/INFO]: [OptiFine] (Reflector) Class not present: net.minecraftforge.common.DimensionManager
[21:23:25] [Client thread/INFO]: [OptiFine] (Reflector) Class not present: net.minecraftforge.client.event.GuiScreenEvent$DrawScreenEvent$Pre
[21:23:25] [Client thread/INFO]: [OptiFine] (Reflector) Class not present: net.minecraftforge.client.event.GuiScreenEvent$DrawScreenEvent$Post
[21:23:25] [Client thread/INFO]: [OptiFine] (Reflector) Class not present: net.minecraftforge.client.event.EntityViewRenderEvent$CameraSetup
[21:23:25] [Client thread/INFO]: [OptiFine] (Reflector) Class not present: net.minecraftforge.client.event.EntityViewRenderEvent$FogColors
[21:23:25] [Client thread/INFO]: [OptiFine] (Reflector) Class not present: net.minecraftforge.fml.common.eventhandler.Event
[21:23:25] [Client thread/INFO]: [OptiFine] (Reflector) Class not present: net.minecraftforge.fml.common.eventhandler.EventBus
[21:23:25] [Client thread/INFO]: [OptiFine] (Reflector) Class not present: net.minecraftforge.fml.common.eventhandler.Event$Result
[21:23:25] [Client thread/INFO]: [OptiFine] (Reflector) Class not present: net.minecraftforge.common.property.ExtendedBlockState
[21:23:25] [Client thread/INFO]: [OptiFine] (Reflector) Class not present: net.minecraftforge.fml.client.FMLClientHandler
[21:23:25] [Client thread/INFO]: [OptiFine] (Reflector) Class not present: net.minecraftforge.fml.common.FMLCommonHandler
[21:23:25] [Client thread/INFO]: [OptiFine] (Reflector) Method not present: net.minecraft.world.biome.BiomeGenBase.getWaterColorMultiplier
[21:23:25] [Client thread/INFO]: [OptiFine] (Reflector) Method not present: net.minecraft.block.Block.addDestroyEffects
[21:23:25] [Client thread/INFO]: [OptiFine] (Reflector) Method not present: net.minecraft.block.Block.addHitEffects
[21:23:25] [Client thread/INFO]: [OptiFine] (Reflector) Method not present: net.minecraft.block.Block.canCreatureSpawn
[21:23:25] [Client thread/INFO]: [OptiFine] (Reflector) Method not present: net.minecraft.block.Block.canRenderInLayer
[21:23:25] [Client thread/INFO]: [OptiFine] (Reflector) Method not present: net.minecraft.block.Block.doesSideBlockRendering
[21:23:25] [Client thread/INFO]: [OptiFine] (Reflector) Method not present: net.minecraft.block.Block.getBedDirection
[21:23:25] [Client thread/INFO]: [OptiFine] (Reflector) Method not present: net.minecraft.block.Block.getExtendedState
[21:23:25] [Client thread/INFO]: [OptiFine] (Reflector) Method not present: net.minecraft.block.Block.getLightOpacity
[21:23:25] [Client thread/INFO]: [OptiFine] (Reflector) Method not present: net.minecraft.block.Block.getLightValue
[21:23:25] [Client thread/INFO]: [OptiFine] (Reflector) Method not present: net.minecraft.block.Block.hasTileEntity
[21:23:25] [Client thread/INFO]: [OptiFine] (Reflector) Method not present: net.minecraft.block.Block.isAir
[21:23:25] [Client thread/INFO]: [OptiFine] (Reflector) Method not present: net.minecraft.block.Block.isBed
[21:23:25] [Client thread/INFO]: [OptiFine] (Reflector) Method not present: net.minecraft.block.Block.isBedFoot
[21:23:25] [Client thread/INFO]: [OptiFine] (Reflector) Method not present: net.minecraft.block.Block.isSideSolid
[21:23:25] [Client thread/INFO]: [OptiFine] (Reflector) Method not present: net.minecraft.world.ChunkCache.isSideSolid
[21:23:25] [Client thread/INFO]: [OptiFine] (Reflector) Method not present: net.minecraft.entity.Entity.canRiderInteract
[21:23:25] [Client thread/INFO]: [OptiFine] (Reflector) Field not present: net.minecraft.entity.Entity.captureDrops
[21:23:25] [Client thread/INFO]: [OptiFine] (Reflector) Field not present: net.minecraft.entity.Entity.capturedDrops
[21:23:25] [Client thread/INFO]: [OptiFine] (Reflector) Method not present: net.minecraft.entity.Entity.shouldRenderInPass
[21:23:25] [Client thread/INFO]: [OptiFine] (Reflector) Method not present: net.minecraft.entity.Entity.shouldRiderSit
[21:23:25] [Client thread/INFO]: [OptiFine] (Reflector) Class not present: net.minecraftforge.event.ForgeEventFactory
[21:23:25] [Client thread/INFO]: [OptiFine] (Reflector) Class not present: net.minecraftforge.common.ForgeHooks
[21:23:25] [Client thread/INFO]: [OptiFine] (Reflector) Class not present: net.minecraftforge.client.ForgeHooksClient
[21:23:25] [Client thread/INFO]: [OptiFine] (Reflector) Field not present: net.minecraft.item.Item.delegate
[21:23:25] [Client thread/INFO]: [OptiFine] (Reflector) Method not present: net.minecraft.item.Item.getDurabilityForDisplay
[21:23:25] [Client thread/INFO]: [OptiFine] (Reflector) Method not present: net.minecraft.item.Item.getModel
[21:23:25] [Client thread/INFO]: [OptiFine] (Reflector) Method not present: net.minecraft.item.Item.onEntitySwing
[21:23:25] [Client thread/INFO]: [OptiFine] (Reflector) Method not present: net.minecraft.item.Item.shouldCauseReequipAnimation
[21:23:25] [Client thread/INFO]: [OptiFine] (Reflector) Method not present: net.minecraft.item.Item.showDurabilityBar
[21:23:25] [Client thread/INFO]: [OptiFine] (Reflector) Class not present: net.minecraftforge.common.ForgeModContainer
[21:23:25] [Client thread/INFO]: [OptiFine] (Reflector) Method not present: net.minecraft.potion.PotionEffect.isCurativeItem
[21:23:25] [Client thread/INFO]: [OptiFine] (Reflector) Method not present: net.minecraft.tileentity.TileEntity.canRenderBreaking
[21:23:25] [Client thread/INFO]: [OptiFine] (Reflector) Method not present: net.minecraft.tileentity.TileEntity.getRenderBoundingBox
[21:23:25] [Client thread/INFO]: [OptiFine] (Reflector) Method not present: net.minecraft.tileentity.TileEntity.hasFastRenderer
[21:23:25] [Client thread/INFO]: [OptiFine] (Reflector) Method not present: net.minecraft.tileentity.TileEntity.shouldRenderInPass
[21:23:25] [Client thread/INFO]: [OptiFine] (Reflector) Method not present: net.minecraft.client.renderer.vertex.VertexFormatElement$EnumUsage.preDraw
[21:23:25] [Client thread/INFO]: [OptiFine] (Reflector) Method not present: net.minecraft.client.renderer.vertex.VertexFormatElement$EnumUsage.postDraw
[21:23:25] [Client thread/INFO]: [OptiFine] (Reflector) Method not present: net.minecraft.world.World.countEntities
[21:23:25] [Client thread/INFO]: [OptiFine] (Reflector) Method not present: net.minecraft.world.World.getPerWorldStorage
[21:23:25] [Client thread/INFO]: [OptiFine] (Reflector) Method not present: net.minecraft.world.WorldProvider.getCloudRenderer
[21:23:25] [Client thread/INFO]: [OptiFine] (Reflector) Method not present: net.minecraft.world.WorldProvider.getSkyRenderer
[21:23:25] [Client thread/INFO]: [OptiFine] (Reflector) Method not present: net.minecraft.world.WorldProvider.getWeatherRenderer
[21:23:25] [Client thread/INFO]: [OptiFine] (Reflector) Method not present: net.minecraft.world.WorldProvider.getSaveFolder
[21:23:25] [Client thread/INFO]: [OptiFine] (Reflector) Class not present: net.minecraftforge.fml.client.GuiModList
[21:23:25] [Client thread/INFO]: [OptiFine] (Reflector) Class not present: net.minecraftforge.client.model.IColoredBakedQuad
[21:23:25] [Client thread/INFO]: [OptiFine] (Reflector) Class not present: net.minecraftforge.common.property.IExtendedBlockState
[21:23:25] [Client thread/INFO]: [OptiFine] (Reflector) Class not present: net.minecraftforge.client.model.IModel
[21:23:25] [Client thread/INFO]: [OptiFine] (Reflector) Class not present: net.minecraftforge.client.IRenderHandler
[21:23:25] [Client thread/INFO]: [OptiFine] (Reflector) Class not present: net.minecraftforge.client.ItemModelMesherForge
[21:23:25] [Client thread/INFO]: [OptiFine] (Reflector) Class not present: net.minecraft.launchwrapper.Launch
[21:23:25] [Client thread/INFO]: [OptiFine] (Reflector) Class not present: net.minecraftforge.client.model.pipeline.LightUtil
[21:23:25] [Client thread/INFO]: [OptiFine] (Reflector) Class not present: net.minecraftforge.fml.common.Loader
[21:23:25] [Client thread/INFO]: [OptiFine] (Reflector) Class not present: net.minecraftforge.common.MinecraftForge
[21:23:25] [Client thread/INFO]: [OptiFine] (Reflector) Class not present: net.minecraftforge.client.MinecraftForgeClient
[21:23:25] [Client thread/INFO]: [OptiFine] (Reflector) Class not present: net.minecraftforge.fml.common.ModContainer
[21:23:25] [Client thread/INFO]: [OptiFine] (Reflector) Class not present: net.minecraftforge.client.model.ModelLoader
[21:23:25] [Client thread/INFO]: [OptiFine] (Reflector) Class not present: net.minecraftforge.client.event.RenderBlockOverlayEvent$OverlayType
[21:23:25] [Client thread/INFO]: [OptiFine] (Reflector) Class not present: net.minecraftforge.fml.client.registry.RenderingRegistry
[21:23:25] [Client thread/INFO]: [OptiFine] (Reflector) Class not present: net.minecraftforge.client.event.RenderItemInFrameEvent
[21:23:25] [Client thread/INFO]: [OptiFine] (Reflector) Class not present: net.minecraftforge.client.event.RenderLivingEvent$Pre
[21:23:25] [Client thread/INFO]: [OptiFine] (Reflector) Class not present: net.minecraftforge.client.event.RenderLivingEvent$Post
[21:23:25] [Client thread/INFO]: [OptiFine] (Reflector) Class not present: net.minecraftforge.client.event.RenderLivingEvent$Specials$Pre
[21:23:25] [Client thread/INFO]: [OptiFine] (Reflector) Class not present: net.minecraftforge.client.event.RenderLivingEvent$Specials$Post
[21:23:25] [Client thread/INFO]: [OptiFine] (Reflector) Class not present: net.minecraftforge.fml.client.SplashProgress
[21:23:25] [Client thread/INFO]: [OptiFine] (Reflector) Class not present: net.minecraftforge.event.world.WorldEvent$Load
[21:23:25] [Client thread/INFO]: [OptiFine] *** Reflector Vanilla ***
[21:23:25] [Client thread/INFO]: [OptiFine] (Reflector) Class not present: optifine.OptiFineClassTransformer
[21:23:25] [Client thread/INFO]: LWJGL Version: 2.9.4
[21:23:25] [Client thread/INFO]: [OptiFine] 
[21:23:25] [Client thread/INFO]: [OptiFine] OptiFine_1.8.9_HD_U_L5
[21:23:25] [Client thread/INFO]: [OptiFine] Build: null
[21:23:25] [Client thread/INFO]: [OptiFine] OS: Windows 10 (amd64) version 10.0
[21:23:25] [Client thread/INFO]: [OptiFine] Java: 17.0.6, Eclipse Adoptium
[21:23:25] [Client thread/INFO]: [OptiFine] VM: OpenJDK 64-Bit Server VM (mixed mode), Eclipse Adoptium
[21:23:25] [Client thread/INFO]: [OptiFine] LWJGL: 2.9.4
[21:23:25] [Client thread/INFO]: [OptiFine] OpenGL: NVIDIA GeForce RTX 3060/PCIe/SSE2, version 4.6.0 NVIDIA 528.24, NVIDIA Corporation
[21:23:25] [Client thread/INFO]: [OptiFine] OpenGL Version: 4.6.0
[21:23:25] [Client thread/INFO]: [OptiFine] Maximum texture size: 32768x32768
[21:23:25] [VersionCheck/INFO]: [OptiFine] Checking for new version
[21:23:25] [Client thread/INFO]: [Shaders] OpenGL Version: 4.6.0 NVIDIA 528.24
[21:23:25] [Client thread/INFO]: [Shaders] Vendor:  NVIDIA Corporation
[21:23:25] [Client thread/INFO]: [Shaders] Renderer: NVIDIA GeForce RTX 3060/PCIe/SSE2
[21:23:25] [Client thread/INFO]: [Shaders] Capabilities:  2.0  2.1  3.0  3.2  4.0 
[21:23:25] [Client thread/INFO]: [Shaders] GL_MAX_DRAW_BUFFERS: 8
[21:23:25] [Client thread/INFO]: [Shaders] GL_MAX_COLOR_ATTACHMENTS_EXT: 8
[21:23:25] [Client thread/INFO]: [Shaders] GL_MAX_TEXTURE_IMAGE_UNITS: 32
[21:23:25] [Client thread/INFO]: [Shaders] Load shaders configuration.
[21:23:25] [Client thread/INFO]: [Shaders] Loaded shaderpack: BSL-Shaders-All-Versions-Standard.zip
[21:23:25] [Client thread/WARN]: [OptiFine] [Shaders] Invalid option: DOF_DistantBlur_Range, key: screen.DOF
[21:23:25] [Client thread/WARN]: [OptiFine] [Shaders] Invalid option: Sky_Nether, key: screen.Sky
[21:23:25] [Client thread/WARN]: [OptiFine] [Shaders] Invalid option: Sky_End, key: screen.Sky
[21:23:25] [Client thread/INFO]: [OptiFine] (Reflector) Class not present: net.minecraftforge.client.model.Attributes
[21:23:25] [Client thread/INFO]: Reloading ResourceManager: Default, !    §b§l§oNaos §6§l§o16x.zip
[21:23:25] [VersionCheck/INFO]: [OptiFine] Version found: M5
[21:23:25] [Client thread/INFO]: [OptiFine] *** Reloading textures ***
[21:23:25] [Client thread/INFO]: [OptiFine] Resource packs: !    §b§l§oNaos §6§l§o16x.zip
[21:23:26] [Sound Library Loader/INFO]: Starting up SoundSystem...
[21:23:26] [Thread-5/INFO]: Initializing LWJGL OpenAL
[21:23:26] [Thread-5/INFO]: (The LWJGL binding of OpenAL.  For more information, see http://www.lwjgl.org)
[21:23:26] [Thread-5/INFO]: OpenAL initialized.
[21:23:26] [Sound Library Loader/INFO]: Sound engine started
[21:23:26] [Client thread/INFO]: [OptiFine] Mipmap levels: 4
[21:23:26] [Client thread/INFO]: [OptiFine] Multitexture: false
[21:23:26] [Client thread/INFO]: [OptiFine] Multipass connected textures: false
[21:23:26] [Client thread/INFO]: [OptiFine] ConnectedTextures: mcpatcher/ctm/default/sandstone.properties
[21:23:26] [Client thread/INFO]: [OptiFine] Multipass connected textures: false
[21:23:26] [Client thread/INFO]: [OptiFine] BetterGrass: Parsing default configuration optifine/bettergrass.properties
[21:23:26] [Client thread/INFO]: Created: 2048x1024 textures-atlas
[21:23:26] [Client thread/INFO]: [Shaders] allocateTextureMap 4 2048 1024 
[21:23:26] [Client thread/INFO]: [OptiFine] Animated sprites: 11
[21:23:27] [Client thread/INFO]: [OptiFine] *** Reloading custom textures ***
[21:23:27] [Client thread/INFO]: [OptiFine] CustomColors: Colormap mcpatcher/lightmap/world0.png
[21:23:27] [Client thread/INFO]: [OptiFine] CustomColors: Colormap mcpatcher/lightmap/world1.png
[21:23:27] [Client thread/INFO]: [OptiFine] CustomColors: Loading mcpatcher/color.properties
[21:23:27] [Client thread/INFO]: [OptiFine] CustomColors: drop.water = ffffff
[21:23:27] [Client thread/INFO]: [OptiFine] CustomColors: lilypad = 577119
[21:23:27] [Client thread/INFO]: [OptiFine] CustomColors: text.xpbar = 6ae3fe
[21:23:27] [Client thread/INFO]: [OptiFine] CustomColors: text.boss = 8e91ff
[21:23:27] [Client thread/INFO]: [OptiFine] CustomSky properties: mcpatcher/sky/world0/sky1.properties
[21:23:27] [Client thread/INFO]: [OptiFine] CustomSky properties: mcpatcher/sky/world0/sky2.properties
[21:23:28] [Client thread/INFO]: [OptiFine] CustomSky properties: mcpatcher/sky/world0/sky3.properties
[21:23:28] [Client thread/INFO]: [OptiFine] Enable face culling: acacia_leaves, birch_leaves, dark_oak_leaves, jungle_leaves, oak_leaves, spruce_leaves
[21:23:49] [Client thread/INFO]: Connecting to mc.hypixel.net, 25565
[21:23:50] [Client thread/INFO]: [Shaders] Program loaded: shadow
[21:23:50] [Client thread/INFO]: [Shaders] Program loaded: gbuffers_basic
[21:23:50] [Client thread/INFO]: [Shaders] Program loaded: gbuffers_textured
[21:23:50] [Client thread/INFO]: [Shaders] Program loaded: gbuffers_textured_lit
[21:23:50] [Client thread/INFO]: [Shaders] Program loaded: gbuffers_skybasic
[21:23:50] [Client thread/INFO]: [Shaders] Program loaded: gbuffers_skytextured
[21:23:50] [Client thread/INFO]: [Shaders] gdepth format: R8
[21:23:50] [Client thread/INFO]: [Shaders] gnormal format: RGB16
[21:23:50] [Client thread/INFO]: [Shaders] composite format: RGBA16
[21:23:50] [Client thread/INFO]: [Shaders] gaux2 format: RGBA16
[21:23:50] [Client thread/INFO]: [Shaders] gcolor format: RGBA8
[21:23:50] [Client thread/INFO]: [Shaders] Program loaded: gbuffers_terrain
[21:23:50] [Client thread/INFO]: [Shaders] Program loaded: gbuffers_entities
[21:23:50] [Client thread/INFO]: [Shaders] Program loaded: gbuffers_hand
[21:23:50] [Client thread/INFO]: [Shaders] Program loaded: gbuffers_weather
[21:23:50] [Client thread/INFO]: [Shaders] Program loaded: gbuffers_water
[21:23:50] [Client thread/INFO]: [Shaders] Shadow map resolution: 2048
[21:23:50] [Client thread/INFO]: [Shaders] Shadow map distance: 256.0
[21:23:50] [Client thread/INFO]: [Shaders] Sun path rotation: -40.0
[21:23:50] [Client thread/INFO]: [Shaders] Wetness halflife: 70.0
[21:23:50] [Client thread/INFO]: [Shaders] Dryness halflife: 70.0
[21:23:50] [Client thread/INFO]: [Shaders] Hardware shadow filtering enabled.
[21:23:50] [Client thread/INFO]: [Shaders] Noise texture enabled
[21:23:50] [Client thread/INFO]: [Shaders] Noise texture resolution: 1024
[21:23:50] [Client thread/INFO]: [Shaders] Program loaded: composite
[21:23:50] [Client thread/INFO]: [Shaders] Program loaded: composite1
[21:23:50] [Client thread/INFO]: [Shaders] gaux2 mipmap enabled
[21:23:50] [Client thread/INFO]: [Shaders] Program loaded: composite2
[21:23:50] [Client thread/INFO]: [Shaders] Program loaded: final
[21:23:50] [Client thread/INFO]: [Shaders] usedColorBuffers: 8
[21:23:50] [Client thread/INFO]: [Shaders] usedDepthBuffers: 3
[21:23:50] [Client thread/INFO]: [Shaders] usedShadowColorBuffers: 0
[21:23:50] [Client thread/INFO]: [Shaders] usedShadowDepthBuffers: 1
[21:23:50] [Client thread/INFO]: [Shaders] usedColorAttachs: 8
[21:23:50] [Client thread/INFO]: [Shaders] usedDrawBuffers: 4
[21:23:50] [Client thread/INFO]: [Shaders] Framebuffer created.
[21:23:50] [Client thread/INFO]: [Shaders] Shadow framebuffer created.
[21:23:50] [Client thread/INFO]: [Shaders] Reset model renderers
[21:23:50] [Client thread/INFO]: [Shaders] Reset world renderers
[21:23:50] [Client thread/INFO]: [CHAT]                                      
[21:23:50] [Client thread/INFO]: [CHAT]                          
[21:23:50] [Client thread/INFO]: [CHAT] §aYou have §b38 §aunclaimed leveling rewards!
[21:23:50] [Client thread/INFO]: [CHAT] §eClick here to view them!
[21:23:50] [Client thread/INFO]: [CHAT] §aYou have §610 §aunclaimed achievement rewards!
[21:23:50] [Client thread/INFO]: [CHAT] §eClick here to view them!
[21:23:51] [Client thread/WARN]: Unable to play unknown soundEvent: minecraft:
[21:23:52] [Client thread/ERROR]: Item entity 29523277 has no item?!
[21:23:52] [Client thread/ERROR]: Item entity 29523277 has no item?!
[21:23:52] [Client thread/ERROR]: Item entity 29523277 has no item?!
[21:23:52] [Client thread/ERROR]: Item entity 29523277 has no item?!
[21:23:52] [Client thread/ERROR]: Item entity 29523277 has no item?!
[21:23:52] [Client thread/ERROR]: Item entity 29523277 has no item?!
[21:23:52] [Client thread/ERROR]: Item entity 29523277 has no item?!
[21:23:52] [Client thread/ERROR]: Item entity 29523277 has no item?!
[21:23:52] [Client thread/ERROR]: Item entity 29523277 has no item?!
[21:23:53] [Client thread/INFO]: [CHAT] -----------------------------------------------------
                           §6Friends (Page 1 of 2) >>
§aitsjustbluelava is in SkyBlock - Hub
§aoCheddar is in a Bed Wars Lobby
§7_Kelton is currently offline
§7Celcriume is currently offline
§7DungeonX is currently offline
§alubdub1 is currently offline
§7mars_is_alive is currently offline
§7NotK1llua is currently offline
-----------------------------------------------------
[21:23:55] [Client thread/INFO]: [CHAT] ? kaboomthebomb found a ????? Mystery Box!
[21:23:55] [Client thread/INFO]: [CHAT] §3[508?] §6[MVP§2++§6] akorzz§f: i want a mcdonald icl
[21:23:56] [Client thread/WARN]: [OptiFine] java.lang.ClassNotFoundException: sun.misc.SharedSecrets
[21:23:56] [Client thread/WARN]: [OptiFine] java.lang.ClassNotFoundException: jdk.internal.misc.SharedSecrets
[21:23:56] [Client thread/WARN]: [OptiFine] java.lang.ClassNotFoundException: sun.misc.VM
[21:23:56] [Client thread/WARN]: [OptiFine] java.lang.reflect.InaccessibleObjectException: Unable to make public static long jdk.internal.misc.VM.maxDirectMemory() accessible: module java.base does not "exports jdk.internal.misc" to unnamed module @63475ace
[21:23:57] [Client thread/INFO]: [CHAT] §7[1?] §7draxpluto§7: deez wut
[21:24:02] [Client thread/INFO]: [CHAT] §7[8?] §a[VIP] Mcraft_2010§f: nuts
[21:24:03] [Client thread/WARN]: Unable to play unknown soundEvent: minecraft:
[21:24:07] [Client thread/INFO]: [CHAT] ? [MVP] tibounise found a ????? Mystery Box!
[21:24:07] [Client thread/INFO]: [CHAT] §7[1?] §7draxpluto§7: ;(
[21:24:09] [Client thread/INFO]: [CHAT] §7[9?] §7chickenondahooch§7: deez popsicle
[21:24:10] [Client thread/WARN]: Unable to play unknown soundEvent: minecraft:
[21:24:12] [Client thread/INFO]: [CHAT] §7[9?] §7chickenondahooch§7: s
[21:24:13] [Client thread/WARN]: Unable to play unknown soundEvent: minecraft:
[21:24:14] [Client thread/WARN]: Unable to play unknown soundEvent: minecraft:
[21:24:15] [Client thread/INFO]: [CHAT] §7[8?] §a[VIP] Mcraft_2010§f: oh my bad
[21:24:21] [Client thread/INFO]: [CHAT] §7[9?] §7chickenondahooch§7: dirty minded
[21:24:24] [Client thread/WARN]: Unable to play unknown soundEvent: minecraft:
[21:24:26] [Client thread/INFO]: [CHAT] §7[8?] §a[VIP] Mcraft_2010§f: sorry
[21:24:30] [Client thread/INFO]: [CHAT] ? rig0rmortiss found a ????? Mystery Box!
[21:24:31] [Client thread/INFO]: [CHAT] §7[9?] §7chickenondahooch§7: racist
[21:24:32] [Client thread/WARN]: Unable to play unknown soundEvent: minecraft:
[21:24:36] [Client thread/INFO]: [CHAT] §7[8?] §a[VIP] Mcraft_2010§f: how?
[21:24:39] [Client thread/WARN]: Unable to play unknown soundEvent: minecraft:
[21:24:40] [Client thread/WARN]: Unable to play unknown soundEvent: minecraft:
[21:24:42] [Client thread/INFO]: [CHAT] §7[9?] §7chickenondahooch§7: you know how
[21:24:44] [Client thread/INFO]: [CHAT] §7[35?] §a[VIP§6+§a] Jawshoo§f: can i date some1
[21:24:51] [Client thread/WARN]: Unable to play unknown soundEvent: minecraft:
[21:24:54] [Client thread/INFO]: [CHAT] §7[9?] §7chickenondahooch§7: no one loves u
[21:24:55] [Client thread/INFO]: [CHAT] §7[8?] §a[VIP] Mcraft_2010§f: i dont
[21:24:58] [Client thread/WARN]: Unable to play unknown soundEvent: minecraft:
[21:25:00] [Client thread/INFO]: [CHAT] §7[35?] §a[VIP§6+§a] Jawshoo§f: wow
[21:25:04] [Client thread/INFO]: [CHAT] §7[9?] §7chickenondahooch§7: cuz your fat
[21:25:13] [Client thread/INFO]: [CHAT] §7[9?] §7chickenondahooch§7: and prob gay
[21:25:14] [Client thread/WARN]: Unable to play unknown soundEvent: minecraft:
[21:25:19] [Client thread/INFO]: [CHAT] ? [MVP] TARIUMS found a ????? Mystery Box!
[21:25:23] [Client thread/INFO]: Stopping!
[21:25:23] [Client thread/INFO]: SoundSystem shutting down...
[21:25:24] [Client thread/WARN]: Author: Paul Lamb, www.paulscode.com
